<?xml version="1.0" encoding="UTF-8"?>
<!-- Generated by org.testng.reporters.JUnitReportReporter -->
<testsuite hostname="DESKTOP-DI8EF55" failures="0" tests="4" name="com.skilo.gui.LoginTest" time="163.599" errors="0" timestamp="2024-08-02T16:38:31 EEST" skipped="0">
  <testcase classname="com.skilo.gui.LoginTest" name="verifyAlreadyRegisteredUserCanNotSuccessfullyLoginWithNotProvidedCredentials" time="50.843"/>
  <testcase classname="com.skilo.gui.LoginTest" name="verifyAlreadyRegisteredUserCanSuccessfullyLogin" time="12.197"/>
  <testcase classname="com.skilo.gui.LoginTest" name="verifyAlreadyRegisteredUserCanNotSuccessfullyLoginWithWrongUsername" time="49.835"/>
  <testcase classname="com.skilo.gui.LoginTest" name="verifyAlreadyRegisteredUserCanNotSuccessfullyLoginWithWrongPassword" time="50.724"/>
</testsuite> <!-- com.skilo.gui.LoginTest -->
