<?xml version="1.0" encoding="UTF-8"?>
<!-- Generated by org.testng.reporters.JUnitReportReporter -->
<testsuite hostname="DESKTOP-DI8EF55" failures="0" tests="4" name="com.skilo.gui.LoginTest" time="158.978" errors="0" timestamp="2024-08-06T01:59:11 EEST" skipped="0">
  <testcase classname="com.skilo.gui.LoginTest" name="verifyAlreadyRegisteredUserCanNotSuccessfullyLoginWithWrongUsername" time="48.534"/>
  <testcase classname="com.skilo.gui.LoginTest" name="verifyAlreadyRegisteredUserCanNotSuccessfullyLoginWithNotProvidedCredentials" time="53.483"/>
  <testcase classname="com.skilo.gui.LoginTest" name="verifyAlreadyRegisteredUserCanNotSuccessfullyLoginWithWrongPassword" time="50.031"/>
  <testcase classname="com.skilo.gui.LoginTest" name="verifyAlreadyRegisteredUserCanSuccessfullyLogin" time="6.930"/>
</testsuite> <!-- com.skilo.gui.LoginTest -->
