<?xml version="1.0" encoding="UTF-8"?>
<!-- Generated by org.testng.reporters.JUnitReportReporter -->
<testsuite hostname="DESKTOP-DI8EF55" failures="0" tests="4" name="com.skilo.gui.LoginTest" time="188.891" errors="0" timestamp="2024-08-02T17:08:51 EEST" skipped="0">
  <testcase classname="com.skilo.gui.LoginTest" name="verifyAlreadyRegisteredUserCanNotSuccessfullyLoginWithWrongUsername" time="55.372"/>
  <testcase classname="com.skilo.gui.LoginTest" name="verifyAlreadyRegisteredUserCanSuccessfullyLogin" time="13.397"/>
  <testcase classname="com.skilo.gui.LoginTest" name="verifyAlreadyRegisteredUserCanNotSuccessfullyLoginWithNotProvidedCredentials" time="58.759"/>
  <testcase classname="com.skilo.gui.LoginTest" name="verifyAlreadyRegisteredUserCanNotSuccessfullyLoginWithWrongPassword" time="61.363"/>
</testsuite> <!-- com.skilo.gui.LoginTest -->
