<?xml version="1.0" encoding="UTF-8"?>
<!-- Generated by org.testng.reporters.JUnitReportReporter -->
<testsuite hostname="N3" failures="0" tests="1" name="gui.regression.login.LoginTest" time="25.209" errors="0" timestamp="2024-07-02T11:22:08 EEST" skipped="0">
  <testcase classname="gui.regression.login.LoginTest" name="navigatingAndLoggingIn" time="25.209"/>
</testsuite> <!-- gui.regression.login.LoginTest -->
