<?xml version="1.0" encoding="UTF-8"?>
<!-- Generated by org.testng.reporters.JUnitReportReporter -->
<testsuite hostname="DESKTOP-DI8EF55" failures="0" tests="1" name="com.skilo.gui.PostTest" time="22.884" errors="0" timestamp="2024-08-02T16:38:31 EEST" skipped="0">
  <testcase classname="com.skilo.gui.PostTest" name="verifyUserCanCreateNewPostAndDeleteIt" time="22.884"/>
</testsuite> <!-- com.skilo.gui.PostTest -->
