<?xml version="1.0" encoding="UTF-8"?>
<!-- Generated by org.testng.reporters.JUnitReportReporter -->
<testsuite hostname="DESKTOP-DI8EF55" failures="0" tests="4" name="com.skilo.gui.LoginTest" time="169.483" errors="0" timestamp="2024-08-02T02:52:07 EEST" skipped="0">
  <testcase classname="com.skilo.gui.LoginTest" name="verifyAlreadyRegisteredUserCanNotSuccessfullyLoginWithWrongPassword" time="56.161"/>
  <testcase classname="com.skilo.gui.LoginTest" name="verifyAlreadyRegisteredUserCanNotSuccessfullyLoginWithWrongUsername" time="51.360"/>
  <testcase classname="com.skilo.gui.LoginTest" name="verifyAlreadyRegisteredUserCanSuccessfullyLogin" time="11.194"/>
  <testcase classname="com.skilo.gui.LoginTest" name="verifyAlreadyRegisteredUserCanNotSuccessfullyLoginWithNotProvidedCredentials" time="50.768"/>
</testsuite> <!-- com.skilo.gui.LoginTest -->
